Using pre-set license
Built from '2020.2/release' branch; Version is '2020.2.0f1 (3721df5a8b28) revision 3613151'; Using compiler version '192528614'; Build Type 'Release'
OS: 'Windows 10  (10.0.0) 64bit' Language: 'pl' Physical Memory: 16326 MB
BatchMode: 1, IsHumanControllingUs: 0, StartBugReporterOnCrash: 0, Is64bit: 1, IsPro: 0

 COMMAND LINE ARGUMENTS:
E:\Unity\2020.2.0f1\Editor\Unity.exe
-adb2
-batchMode
-noUpm
-name
AssetImportWorker0
-projectPath
E:/Unity/Projects/LudumDare47
-logFile
Logs/AssetImportWorker0.log
-srvPort
50404
Successfully changed project path to: E:/Unity/Projects/LudumDare47
E:/Unity/Projects/LudumDare47
Using Asset Import Pipeline V2.
Refreshing native plugins compatible for Editor in 62.40 ms, found 1 plugins.
Preloading 0 native plugins for Editor in 0.00 ms.
Initialize engine version: 2020.2.0f1 (3721df5a8b28)
[Subsystems] Discovering subsystems at path E:/Unity/2020.2.0f1/Editor/Data/Resources/UnitySubsystems
[Subsystems] Discovering subsystems at path E:/Unity/Projects/LudumDare47/Assets
GfxDevice: creating device client; threaded=0
Direct3D:
    Version:  Direct3D 11.0 [level 11.1]
    Renderer: NVIDIA GeForce GTX 970 (ID=0x13c2)
    Vendor:   
    VRAM:     4058 MB
    Driver:   23.21.13.8813
Shader 'Universal Render Pipeline/Particles/Lit': fallback shader 'Universal Render Pipeline/Particles/SimpleLit' not found
Initialize mono
Mono path[0] = 'E:/Unity/2020.2.0f1/Editor/Data/Managed'
Mono path[1] = 'E:/Unity/2020.2.0f1/Editor/Data/MonoBleedingEdge/lib/mono/unityjit'
Mono config path = 'E:/Unity/2020.2.0f1/Editor/Data/MonoBleedingEdge/etc'
Using monoOptions --debugger-agent=transport=dt_socket,embedding=1,server=y,suspend=n,address=127.0.0.1:56840
Begin MonoManager ReloadAssembly
Registering precompiled unity dll's ...
Register platform support module: E:/Unity/2020.2.0f1/Editor/Data/PlaybackEngines/WebGLSupport/UnityEditor.WebGL.Extensions.dll
Register platform support module: E:/Unity/2020.2.0f1/Editor/Data/PlaybackEngines/WindowsStandaloneSupport/UnityEditor.WindowsStandalone.Extensions.dll
Registered in 0.000877 seconds.
Native extension for WindowsStandalone target not found
Native extension for WebGL target not found
Refreshing native plugins compatible for Editor in 61.06 ms, found 1 plugins.
Preloading 0 native plugins for Editor in 0.00 ms.
Invoked RoslynAnalysisRunner static constructor.
RoslynAnalysisRunner will not be running.
RoslynAnalysisRunner has terminated.
Mono: successfully reloaded assembly
- Completed reload, in  0.903 seconds
Platform modules already initialized, skipping
Registering precompiled user dll's ...
Registered in 0.001526 seconds.
Begin MonoManager ReloadAssembly
Native extension for WindowsStandalone target not found
Native extension for WebGL target not found
Refreshing native plugins compatible for Editor in 64.87 ms, found 1 plugins.
Preloading 0 native plugins for Editor in 0.00 ms.
Invoked RoslynAnalysisRunner static constructor.
RoslynAnalysisRunner will not be running.
RoslynAnalysisRunner has terminated.
Mono: successfully reloaded assembly
- Completed reload, in  1.103 seconds
Platform modules already initialized, skipping
========================================================================
Worker process is ready to serve import requests
Shader 'Universal Render Pipeline/Particles/Lit': fallback shader 'Universal Render Pipeline/Particles/SimpleLit' not found
Launched and connected shader compiler UnityShaderCompiler.exe after 0.07 seconds
Refreshing native plugins compatible for Editor in 0.54 ms, found 1 plugins.
Preloading 0 native plugins for Editor in 0.00 ms.
Unloading 3677 Unused Serialized files (Serialized files now loaded: 0)
System memory in use before: 174.8 MB.
System memory in use after: 175.0 MB.

Unloading 22 unused Assets to reduce memory usage. Loaded Objects now: 4150.
Total: 2.256700 ms (FindLiveObjects: 0.263300 ms CreateObjectMapping: 0.153700 ms MarkObjects: 1.815000 ms  DeleteObjects: 0.023700 ms)

========================================================================
Received Prepare
Registering precompiled user dll's ...
Registered in 0.001304 seconds.
Begin MonoManager ReloadAssembly
Native extension for WindowsStandalone target not found
Native extension for WebGL target not found
Refreshing native plugins compatible for Editor in 17.41 ms, found 1 plugins.
Preloading 0 native plugins for Editor in 0.00 ms.
Invoked RoslynAnalysisRunner static constructor.
RoslynAnalysisRunner will not be running.
RoslynAnalysisRunner has terminated.
Mono: successfully reloaded assembly
- Completed reload, in  1.317 seconds
Platform modules already initialized, skipping
Shader 'Universal Render Pipeline/Particles/Lit': fallback shader 'Universal Render Pipeline/Particles/SimpleLit' not found
Refreshing native plugins compatible for Editor in 1.05 ms, found 1 plugins.
Preloading 0 native plugins for Editor in 0.00 ms.
Unloading 3544 Unused Serialized files (Serialized files now loaded: 0)
System memory in use before: 167.8 MB.
System memory in use after: 168.0 MB.

Unloading 11 unused Assets to reduce memory usage. Loaded Objects now: 4152.
Total: 4.698900 ms (FindLiveObjects: 0.633500 ms CreateObjectMapping: 0.388400 ms MarkObjects: 3.647400 ms  DeleteObjects: 0.027500 ms)

========================================================================
Received Prepare
Registering precompiled user dll's ...
Registered in 0.001290 seconds.
Begin MonoManager ReloadAssembly
Native extension for WindowsStandalone target not found
Native extension for WebGL target not found
Refreshing native plugins compatible for Editor in 0.60 ms, found 1 plugins.
Preloading 0 native plugins for Editor in 0.00 ms.
Invoked RoslynAnalysisRunner static constructor.
RoslynAnalysisRunner will not be running.
RoslynAnalysisRunner has terminated.
Mono: successfully reloaded assembly
- Completed reload, in  0.964 seconds
Platform modules already initialized, skipping
Shader 'Universal Render Pipeline/Particles/Lit': fallback shader 'Universal Render Pipeline/Particles/SimpleLit' not found
Refreshing native plugins compatible for Editor in 0.58 ms, found 1 plugins.
Preloading 0 native plugins for Editor in 0.00 ms.
Unloading 3544 Unused Serialized files (Serialized files now loaded: 0)
System memory in use before: 168.8 MB.
System memory in use after: 169.1 MB.

Unloading 11 unused Assets to reduce memory usage. Loaded Objects now: 4154.
Total: 3.009500 ms (FindLiveObjects: 0.360600 ms CreateObjectMapping: 0.300300 ms MarkObjects: 2.331800 ms  DeleteObjects: 0.015900 ms)

========================================================================
Received Import Request.
  path: Assets/Prefabs
  artifactKey: Guid(37b489eadd691164bbb26c4150e19444) Importer(815301076,1909f56bfc062723c751e8b465ee728b)
Start importing Assets/Prefabs using Guid(37b489eadd691164bbb26c4150e19444) Importer(815301076,1909f56bfc062723c751e8b465ee728b)  -> (artifact id: '7aca8677eb0c2d61d3b6da1488ba9f9b') in 0.010943 seconds
  Import took 0.016695 seconds .

========================================================================
Received Import Request.
  Time since last request: 0.206838 seconds.
  path: Assets/Prefabs/CardsUnlockDoor.prefab
  artifactKey: Guid(c62dd3caaeb6e1d4b929fea12a4071d5) Importer(815301076,1909f56bfc062723c751e8b465ee728b)
Start importing Assets/Prefabs/CardsUnlockDoor.prefab using Guid(c62dd3caaeb6e1d4b929fea12a4071d5) Importer(815301076,1909f56bfc062723c751e8b465ee728b)  -> (artifact id: '61aebdd593a682d210e2e1661662a80c') in 0.248161 seconds
  Import took 0.253860 seconds .

========================================================================
Received Import Request.
  Time since last request: 0.000187 seconds.
  path: Assets/Prefabs/Virtual Camera.prefab
  artifactKey: Guid(bd6ccc7469662bd41958a51ec9a01044) Importer(815301076,1909f56bfc062723c751e8b465ee728b)
Start importing Assets/Prefabs/Virtual Camera.prefab using Guid(bd6ccc7469662bd41958a51ec9a01044) Importer(815301076,1909f56bfc062723c751e8b465ee728b)  -> (artifact id: 'a29f5d862af4cbfddb9128f415a1d5da') in 0.014303 seconds
  Import took 0.019915 seconds .

========================================================================
Received Import Request.
  Time since last request: 4.399368 seconds.
  path: Assets/Prefabs/Player
  artifactKey: Guid(5fad6469d2c461249bde563d7f6e3b88) Importer(815301076,1909f56bfc062723c751e8b465ee728b)
Start importing Assets/Prefabs/Player using Guid(5fad6469d2c461249bde563d7f6e3b88) Importer(815301076,1909f56bfc062723c751e8b465ee728b)  -> (artifact id: 'ed3be525ef8bfdf2f3786e9d6b68fbb0') in 0.005171 seconds
  Import took 0.011173 seconds .

========================================================================
Received Import Request.
  Time since last request: 0.057969 seconds.
  path: Assets/Prefabs/Player/New Player.prefab
  artifactKey: Guid(2d32b8e6f32f6004f8d8268d7b35f9ec) Importer(815301076,1909f56bfc062723c751e8b465ee728b)
Start importing Assets/Prefabs/Player/New Player.prefab using Guid(2d32b8e6f32f6004f8d8268d7b35f9ec) Importer(815301076,1909f56bfc062723c751e8b465ee728b)  -> (artifact id: 'bdfb7b4a045d38655330cff47ed59aa1') in 0.249127 seconds
  Import took 0.255475 seconds .

========================================================================
Received Import Request.
  Time since last request: 0.000176 seconds.
  path: Assets/Prefabs/Player/Player Gun Old.prefab
  artifactKey: Guid(302338894c802a94780d5c9cc140eff7) Importer(815301076,1909f56bfc062723c751e8b465ee728b)
Start importing Assets/Prefabs/Player/Player Gun Old.prefab using Guid(302338894c802a94780d5c9cc140eff7) Importer(815301076,1909f56bfc062723c751e8b465ee728b)  -> (artifact id: '3d0798b32813c778546fb59d84cd767b') in 0.042883 seconds
  Import took 0.048444 seconds .

========================================================================
Received Import Request.
  Time since last request: 0.000172 seconds.
  path: Assets/Prefabs/Player/Player.prefab
  artifactKey: Guid(53d0e088aaa5712419297408053ab338) Importer(815301076,1909f56bfc062723c751e8b465ee728b)
Start importing Assets/Prefabs/Player/Player.prefab using Guid(53d0e088aaa5712419297408053ab338) Importer(815301076,1909f56bfc062723c751e8b465ee728b)  -> (artifact id: '9d5692136733e0b728d0e00e5eb25917') in 0.077127 seconds
  Import took 0.082936 seconds .

========================================================================
Received Prepare
Registering precompiled user dll's ...
Registered in 0.001157 seconds.
Begin MonoManager ReloadAssembly
Native extension for WindowsStandalone target not found
Native extension for WebGL target not found
Refreshing native plugins compatible for Editor in 0.62 ms, found 1 plugins.
Preloading 0 native plugins for Editor in 0.00 ms.
Invoked RoslynAnalysisRunner static constructor.
RoslynAnalysisRunner will not be running.
RoslynAnalysisRunner has terminated.
Mono: successfully reloaded assembly
- Completed reload, in  1.000 seconds
Platform modules already initialized, skipping
Shader 'Universal Render Pipeline/Particles/Lit': fallback shader 'Universal Render Pipeline/Particles/SimpleLit' not found
Refreshing native plugins compatible for Editor in 0.61 ms, found 1 plugins.
Preloading 0 native plugins for Editor in 0.00 ms.
Unloading 3544 Unused Serialized files (Serialized files now loaded: 0)
System memory in use before: 174.2 MB.
System memory in use after: 174.5 MB.

Unloading 11 unused Assets to reduce memory usage. Loaded Objects now: 4200.
Total: 3.116600 ms (FindLiveObjects: 0.379700 ms CreateObjectMapping: 0.309100 ms MarkObjects: 2.409800 ms  DeleteObjects: 0.016900 ms)

========================================================================
Received Prepare
Registering precompiled user dll's ...
Registered in 0.001267 seconds.
Begin MonoManager ReloadAssembly
Native extension for WindowsStandalone target not found
Native extension for WebGL target not found
Refreshing native plugins compatible for Editor in 0.61 ms, found 1 plugins.
Preloading 0 native plugins for Editor in 0.00 ms.
Invoked RoslynAnalysisRunner static constructor.
RoslynAnalysisRunner will not be running.
RoslynAnalysisRunner has terminated.
Mono: successfully reloaded assembly
- Completed reload, in  0.974 seconds
Platform modules already initialized, skipping
Shader 'Universal Render Pipeline/Particles/Lit': fallback shader 'Universal Render Pipeline/Particles/SimpleLit' not found
Refreshing native plugins compatible for Editor in 0.81 ms, found 1 plugins.
Preloading 0 native plugins for Editor in 0.00 ms.
Unloading 3544 Unused Serialized files (Serialized files now loaded: 0)
System memory in use before: 174.3 MB.
System memory in use after: 174.5 MB.

Unloading 11 unused Assets to reduce memory usage. Loaded Objects now: 4202.
Total: 3.205000 ms (FindLiveObjects: 0.373500 ms CreateObjectMapping: 0.301400 ms MarkObjects: 2.509500 ms  DeleteObjects: 0.019300 ms)

========================================================================
Received Prepare
Registering precompiled user dll's ...
Registered in 0.001215 seconds.
Begin MonoManager ReloadAssembly
Native extension for WindowsStandalone target not found
Native extension for WebGL target not found
Refreshing native plugins compatible for Editor in 0.59 ms, found 1 plugins.
Preloading 0 native plugins for Editor in 0.00 ms.
Invoked RoslynAnalysisRunner static constructor.
RoslynAnalysisRunner will not be running.
RoslynAnalysisRunner has terminated.
Mono: successfully reloaded assembly
- Completed reload, in  1.114 seconds
Platform modules already initialized, skipping
Shader 'Universal Render Pipeline/Particles/Lit': fallback shader 'Universal Render Pipeline/Particles/SimpleLit' not found
Refreshing native plugins compatible for Editor in 0.96 ms, found 1 plugins.
Preloading 0 native plugins for Editor in 0.00 ms.
Unloading 3544 Unused Serialized files (Serialized files now loaded: 0)
System memory in use before: 174.3 MB.
System memory in use after: 174.5 MB.

Unloading 11 unused Assets to reduce memory usage. Loaded Objects now: 4204.
Total: 2.926900 ms (FindLiveObjects: 0.343400 ms CreateObjectMapping: 0.176600 ms MarkObjects: 2.387300 ms  DeleteObjects: 0.018400 ms)

========================================================================
Received Import Request.
  Time since last request: 1071.651116 seconds.
  path: Assets/Scenes
  artifactKey: Guid(99af182f5bf7eda4bae76281f16b004d) Importer(815301076,1909f56bfc062723c751e8b465ee728b)
Start importing Assets/Scenes using Guid(99af182f5bf7eda4bae76281f16b004d) Importer(815301076,1909f56bfc062723c751e8b465ee728b)  -> (artifact id: 'a70c294e937e58c10617e715370827fb') in 0.008780 seconds
  Import took 0.015475 seconds .

========================================================================
Received Import Request.
  Time since last request: 1.092628 seconds.
  path: Assets/Scenes/9999. Bartosz Test Scene.unity
  artifactKey: Guid(b0baae0f3c68d3843bef2acd454aa9dc) Importer(815301076,1909f56bfc062723c751e8b465ee728b)
Start importing Assets/Scenes/9999. Bartosz Test Scene.unity using Guid(b0baae0f3c68d3843bef2acd454aa9dc) Importer(815301076,1909f56bfc062723c751e8b465ee728b)  -> (artifact id: '3f9a99bc98da4b077e2fcd6d83f3e95c') in 0.012657 seconds
  Import took 0.017889 seconds .

========================================================================
Received Import Request.
  Time since last request: 13.068603 seconds.
  path: Assets/Scenes/2. Level LD version.unity
  artifactKey: Guid(96fd764c8b39c9a44a3e8e9c39e30849) Importer(815301076,1909f56bfc062723c751e8b465ee728b)
Start importing Assets/Scenes/2. Level LD version.unity using Guid(96fd764c8b39c9a44a3e8e9c39e30849) Importer(815301076,1909f56bfc062723c751e8b465ee728b)  -> (artifact id: 'a5715eb108e01951e6560c44ddb01eb8') in 0.006098 seconds
  Import took 0.011929 seconds .

========================================================================
Received Prepare
Registering precompiled user dll's ...
Registered in 0.083073 seconds.
Begin MonoManager ReloadAssembly
Native extension for WindowsStandalone target not found
Native extension for WebGL target not found
Refreshing native plugins compatible for Editor in 0.62 ms, found 1 plugins.
Preloading 0 native plugins for Editor in 0.00 ms.
Invoked RoslynAnalysisRunner static constructor.
RoslynAnalysisRunner will not be running.
RoslynAnalysisRunner has terminated.
Mono: successfully reloaded assembly
- Completed reload, in  4.444 seconds
Platform modules already initialized, skipping
Shader 'Universal Render Pipeline/Particles/Lit': fallback shader 'Universal Render Pipeline/Particles/SimpleLit' not found
Refreshing native plugins compatible for Editor in 0.59 ms, found 1 plugins.
Preloading 0 native plugins for Editor in 0.00 ms.
Unloading 3544 Unused Serialized files (Serialized files now loaded: 0)
System memory in use before: 174.1 MB.
System memory in use after: 174.4 MB.

Unloading 11 unused Assets to reduce memory usage. Loaded Objects now: 4206.
Total: 3.360000 ms (FindLiveObjects: 0.269800 ms CreateObjectMapping: 0.150400 ms MarkObjects: 2.914000 ms  DeleteObjects: 0.024100 ms)

========================================================================
Received Import Request.
  Time since last request: 459.905664 seconds.
  path: Assets/Scenes/2. Level LD version.unity
  artifactKey: Guid(96fd764c8b39c9a44a3e8e9c39e30849) Importer(815301076,1909f56bfc062723c751e8b465ee728b)
Start importing Assets/Scenes/2. Level LD version.unity using Guid(96fd764c8b39c9a44a3e8e9c39e30849) Importer(815301076,1909f56bfc062723c751e8b465ee728b)  -> (artifact id: 'c901a800b208cb3d4574d3bcc683aa9f') in 0.018128 seconds
  Import took 0.023632 seconds .

========================================================================
Received Prepare
Registering precompiled user dll's ...
Registered in 0.001188 seconds.
Begin MonoManager ReloadAssembly
Native extension for WindowsStandalone target not found
Native extension for WebGL target not found
Refreshing native plugins compatible for Editor in 0.61 ms, found 1 plugins.
Preloading 0 native plugins for Editor in 0.00 ms.
Invoked RoslynAnalysisRunner static constructor.
RoslynAnalysisRunner will not be running.
RoslynAnalysisRunner has terminated.
Mono: successfully reloaded assembly
- Completed reload, in  0.944 seconds
Platform modules already initialized, skipping
Shader 'Universal Render Pipeline/Particles/Lit': fallback shader 'Universal Render Pipeline/Particles/SimpleLit' not found
Refreshing native plugins compatible for Editor in 0.59 ms, found 1 plugins.
Preloading 0 native plugins for Editor in 0.00 ms.
Unloading 3544 Unused Serialized files (Serialized files now loaded: 0)
System memory in use before: 174.3 MB.
System memory in use after: 174.6 MB.

Unloading 11 unused Assets to reduce memory usage. Loaded Objects now: 4208.
Total: 2.591200 ms (FindLiveObjects: 0.275300 ms CreateObjectMapping: 0.151100 ms MarkObjects: 2.147000 ms  DeleteObjects: 0.016900 ms)

========================================================================
Received Prepare
Registering precompiled user dll's ...
Registered in 0.001499 seconds.
Begin MonoManager ReloadAssembly
Native extension for WindowsStandalone target not found
Native extension for WebGL target not found
Refreshing native plugins compatible for Editor in 0.63 ms, found 1 plugins.
Preloading 0 native plugins for Editor in 0.00 ms.
Invoked RoslynAnalysisRunner static constructor.
RoslynAnalysisRunner will not be running.
RoslynAnalysisRunner has terminated.
Mono: successfully reloaded assembly
- Completed reload, in  1.257 seconds
Platform modules already initialized, skipping
Shader 'Universal Render Pipeline/Particles/Lit': fallback shader 'Universal Render Pipeline/Particles/SimpleLit' not found
Refreshing native plugins compatible for Editor in 0.60 ms, found 1 plugins.
Preloading 0 native plugins for Editor in 0.00 ms.
Unloading 3549 Unused Serialized files (Serialized files now loaded: 0)
System memory in use before: 174.6 MB.
System memory in use after: 174.8 MB.

Unloading 12 unused Assets to reduce memory usage. Loaded Objects now: 4216.
Total: 3.447800 ms (FindLiveObjects: 0.450800 ms CreateObjectMapping: 0.190000 ms MarkObjects: 2.789300 ms  DeleteObjects: 0.016500 ms)

========================================================================
Received Prepare
Registering precompiled user dll's ...
Registered in 0.001721 seconds.
Begin MonoManager ReloadAssembly
Native extension for WindowsStandalone target not found
Native extension for WebGL target not found
Refreshing native plugins compatible for Editor in 0.61 ms, found 1 plugins.
Preloading 0 native plugins for Editor in 0.00 ms.
Invoked RoslynAnalysisRunner static constructor.
RoslynAnalysisRunner will not be running.
RoslynAnalysisRunner has terminated.
Mono: successfully reloaded assembly
- Completed reload, in  1.013 seconds
Platform modules already initialized, skipping
Shader 'Universal Render Pipeline/Particles/Lit': fallback shader 'Universal Render Pipeline/Particles/SimpleLit' not found
Refreshing native plugins compatible for Editor in 0.65 ms, found 1 plugins.
Preloading 0 native plugins for Editor in 0.00 ms.
Unloading 3549 Unused Serialized files (Serialized files now loaded: 0)
System memory in use before: 174.6 MB.
System memory in use after: 174.8 MB.

Unloading 12 unused Assets to reduce memory usage. Loaded Objects now: 4218.
Total: 2.637700 ms (FindLiveObjects: 0.274000 ms CreateObjectMapping: 0.154000 ms MarkObjects: 2.191500 ms  DeleteObjects: 0.017100 ms)

========================================================================
Received Prepare
Registering precompiled user dll's ...
Registered in 0.001465 seconds.
Begin MonoManager ReloadAssembly
Native extension for WindowsStandalone target not found
Native extension for WebGL target not found
Refreshing native plugins compatible for Editor in 0.60 ms, found 1 plugins.
Preloading 0 native plugins for Editor in 0.00 ms.
Invoked RoslynAnalysisRunner static constructor.
RoslynAnalysisRunner will not be running.
RoslynAnalysisRunner has terminated.
Mono: successfully reloaded assembly
- Completed reload, in  0.982 seconds
Platform modules already initialized, skipping
Shader 'Universal Render Pipeline/Particles/Lit': fallback shader 'Universal Render Pipeline/Particles/SimpleLit' not found
Refreshing native plugins compatible for Editor in 0.60 ms, found 1 plugins.
Preloading 0 native plugins for Editor in 0.00 ms.
Unloading 3549 Unused Serialized files (Serialized files now loaded: 0)
System memory in use before: 174.6 MB.
System memory in use after: 174.9 MB.

Unloading 12 unused Assets to reduce memory usage. Loaded Objects now: 4220.
Total: 3.035500 ms (FindLiveObjects: 0.269500 ms CreateObjectMapping: 0.151200 ms MarkObjects: 2.594500 ms  DeleteObjects: 0.019200 ms)

========================================================================
Received Prepare
Registering precompiled user dll's ...
Registered in 0.001188 seconds.
Begin MonoManager ReloadAssembly
Native extension for WindowsStandalone target not found
Native extension for WebGL target not found
Refreshing native plugins compatible for Editor in 0.59 ms, found 1 plugins.
Preloading 0 native plugins for Editor in 0.00 ms.
Invoked RoslynAnalysisRunner static constructor.
RoslynAnalysisRunner will not be running.
RoslynAnalysisRunner has terminated.
Mono: successfully reloaded assembly
- Completed reload, in  1.264 seconds
Platform modules already initialized, skipping
Shader 'Universal Render Pipeline/Particles/Lit': fallback shader 'Universal Render Pipeline/Particles/SimpleLit' not found
Refreshing native plugins compatible for Editor in 0.62 ms, found 1 plugins.
Preloading 0 native plugins for Editor in 0.00 ms.
Unloading 3544 Unused Serialized files (Serialized files now loaded: 0)
System memory in use before: 174.4 MB.
System memory in use after: 174.7 MB.

Unloading 11 unused Assets to reduce memory usage. Loaded Objects now: 4222.
Total: 3.548500 ms (FindLiveObjects: 0.433900 ms CreateObjectMapping: 0.266800 ms MarkObjects: 2.829100 ms  DeleteObjects: 0.017300 ms)

========================================================================
Received Prepare
Registering precompiled user dll's ...
Registered in 0.001494 seconds.
Begin MonoManager ReloadAssembly
Native extension for WindowsStandalone target not found
Native extension for WebGL target not found
Refreshing native plugins compatible for Editor in 0.65 ms, found 1 plugins.
Preloading 0 native plugins for Editor in 0.00 ms.
Invoked RoslynAnalysisRunner static constructor.
RoslynAnalysisRunner will not be running.
RoslynAnalysisRunner has terminated.
Mono: successfully reloaded assembly
- Completed reload, in  1.379 seconds
Platform modules already initialized, skipping
Shader 'Universal Render Pipeline/Particles/Lit': fallback shader 'Universal Render Pipeline/Particles/SimpleLit' not found
Refreshing native plugins compatible for Editor in 0.66 ms, found 1 plugins.
Preloading 0 native plugins for Editor in 0.00 ms.
Unloading 3549 Unused Serialized files (Serialized files now loaded: 0)
System memory in use before: 174.6 MB.
System memory in use after: 174.9 MB.

Unloading 12 unused Assets to reduce memory usage. Loaded Objects now: 4224.
Total: 2.994000 ms (FindLiveObjects: 0.377000 ms CreateObjectMapping: 0.297200 ms MarkObjects: 2.300400 ms  DeleteObjects: 0.018400 ms)

========================================================================
Received Import Request.
  Time since last request: 1572.146523 seconds.
  path: Assets/URP
  artifactKey: Guid(057a7e1d90436c24a8a8e616f950dd78) Importer(815301076,1909f56bfc062723c751e8b465ee728b)
Start importing Assets/URP using Guid(057a7e1d90436c24a8a8e616f950dd78) Importer(815301076,1909f56bfc062723c751e8b465ee728b)  -> (artifact id: 'd76b4e533fc194623f992295513853df') in 0.010461 seconds
  Import took 0.018028 seconds .

========================================================================
Received Import Request.
  Time since last request: 0.043901 seconds.
  path: Assets/URP/2D Renderer.asset
  artifactKey: Guid(a06e954537967384fb508f8654f1cf8c) Importer(815301076,1909f56bfc062723c751e8b465ee728b)
Start importing Assets/URP/2D Renderer.asset using Guid(a06e954537967384fb508f8654f1cf8c) Importer(815301076,1909f56bfc062723c751e8b465ee728b)  -> (artifact id: 'e82131113347fc4568d897a0f84b7486') in 0.020454 seconds
  Import took 0.025989 seconds .

========================================================================
Received Import Request.
  Time since last request: 0.000177 seconds.
  path: Assets/URP/Pipeline_Renderer.asset
  artifactKey: Guid(e9d9b06b051273948a58e83e2cb9637a) Importer(815301076,1909f56bfc062723c751e8b465ee728b)
Start importing Assets/URP/Pipeline_Renderer.asset using Guid(e9d9b06b051273948a58e83e2cb9637a) Importer(815301076,1909f56bfc062723c751e8b465ee728b)  -> (artifact id: '586c76b3b680b328f90941491077f8f5') in 0.010615 seconds
  Import took 0.016088 seconds .

========================================================================
Received Import Request.
  Time since last request: 0.000182 seconds.
  path: Assets/URP/Pipeline.asset
  artifactKey: Guid(4f92e692ee1aa8e4894914b9487851aa) Importer(815301076,1909f56bfc062723c751e8b465ee728b)
Start importing Assets/URP/Pipeline.asset using Guid(4f92e692ee1aa8e4894914b9487851aa) Importer(815301076,1909f56bfc062723c751e8b465ee728b)  -> (artifact id: 'cd0168f4a051a141d676e3b8954ffa13') in 0.012595 seconds
  Import took 0.018496 seconds .

========================================================================
Received Prepare
Registering precompiled user dll's ...
Registered in 0.001454 seconds.
Begin MonoManager ReloadAssembly
Native extension for WindowsStandalone target not found
Native extension for WebGL target not found
Refreshing native plugins compatible for Editor in 0.68 ms, found 1 plugins.
Preloading 0 native plugins for Editor in 0.00 ms.
Invoked RoslynAnalysisRunner static constructor.
RoslynAnalysisRunner will not be running.
RoslynAnalysisRunner has terminated.
Mono: successfully reloaded assembly
- Completed reload, in  1.052 seconds
Platform modules already initialized, skipping
Shader 'Universal Render Pipeline/Particles/Lit': fallback shader 'Universal Render Pipeline/Particles/SimpleLit' not found
Refreshing native plugins compatible for Editor in 0.63 ms, found 1 plugins.
Preloading 0 native plugins for Editor in 0.00 ms.
Unloading 3552 Unused Serialized files (Serialized files now loaded: 0)
System memory in use before: 174.6 MB.
System memory in use after: 174.8 MB.

Unloading 12 unused Assets to reduce memory usage. Loaded Objects now: 4229.
Total: 2.876600 ms (FindLiveObjects: 0.359900 ms CreateObjectMapping: 0.292700 ms MarkObjects: 2.206200 ms  DeleteObjects: 0.017000 ms)

========================================================================
Received Import Request.
  Time since last request: 1275.063439 seconds.
  path: Assets/URP/NewPipeline.asset
  artifactKey: Guid(6bbaa5fafacee7c4aac5c6d27efb9984) Importer(815301076,1909f56bfc062723c751e8b465ee728b)
Start importing Assets/URP/NewPipeline.asset using Guid(6bbaa5fafacee7c4aac5c6d27efb9984) Importer(815301076,1909f56bfc062723c751e8b465ee728b)  -> (artifact id: '71460c58d2e4771032503a694e6e018e') in 0.023393 seconds
  Import took 0.030566 seconds .

========================================================================
Received Import Request.
  Time since last request: 0.000190 seconds.
  path: Assets/URP/NewPipeline_Renderer.asset
  artifactKey: Guid(5b3ff37a1e9addf48bdaa3a586d0d2f0) Importer(815301076,1909f56bfc062723c751e8b465ee728b)
Start importing Assets/URP/NewPipeline_Renderer.asset using Guid(5b3ff37a1e9addf48bdaa3a586d0d2f0) Importer(815301076,1909f56bfc062723c751e8b465ee728b)  -> (artifact id: '27afd10c6d0ae27c0516366607dd3929') in 0.006619 seconds
  Import took 0.012105 seconds .

========================================================================
Received Import Request.
  Time since last request: 46.020641 seconds.
  path: Assets/URP/New 2D Renderer.asset
  artifactKey: Guid(5bfe169b45500c84598f32cb32284e43) Importer(815301076,1909f56bfc062723c751e8b465ee728b)
Start importing Assets/URP/New 2D Renderer.asset using Guid(5bfe169b45500c84598f32cb32284e43) Importer(815301076,1909f56bfc062723c751e8b465ee728b)  -> (artifact id: 'c55b4aed958f70b4fce88e7153839d7b') in 0.007870 seconds
  Import took 0.013324 seconds .

========================================================================
Received Prepare
Shader 'Universal Render Pipeline/Particles/Lit': fallback shader 'Universal Render Pipeline/Particles/SimpleLit' not found
Refreshing native plugins compatible for Editor in 1.94 ms, found 1 plugins.
Preloading 0 native plugins for Editor in 0.00 ms.
Unloading 7 Unused Serialized files (Serialized files now loaded: 0)
System memory in use before: 104.8 MB.
System memory in use after: 105.0 MB.

Unloading 7 unused Assets to reduce memory usage. Loaded Objects now: 4229.
Total: 5.274200 ms (FindLiveObjects: 0.426300 ms CreateObjectMapping: 0.325600 ms MarkObjects: 4.503900 ms  DeleteObjects: 0.016900 ms)

========================================================================
Received Prepare
Registering precompiled user dll's ...
Registered in 0.001461 seconds.
Begin MonoManager ReloadAssembly
Native extension for WindowsStandalone target not found
Native extension for WebGL target not found
Refreshing native plugins compatible for Editor in 0.62 ms, found 1 plugins.
Preloading 0 native plugins for Editor in 0.00 ms.
Invoked RoslynAnalysisRunner static constructor.
RoslynAnalysisRunner will not be running.
RoslynAnalysisRunner has terminated.
Mono: successfully reloaded assembly
- Completed reload, in  1.093 seconds
Platform modules already initialized, skipping
Shader 'Universal Render Pipeline/Particles/Lit': fallback shader 'Universal Render Pipeline/Particles/SimpleLit' not found
Refreshing native plugins compatible for Editor in 0.96 ms, found 1 plugins.
Preloading 0 native plugins for Editor in 0.00 ms.
Unloading 3549 Unused Serialized files (Serialized files now loaded: 0)
System memory in use before: 174.7 MB.
System memory in use after: 174.9 MB.

Unloading 12 unused Assets to reduce memory usage. Loaded Objects now: 4231.
Total: 2.886300 ms (FindLiveObjects: 0.353400 ms CreateObjectMapping: 0.289000 ms MarkObjects: 2.226000 ms  DeleteObjects: 0.017000 ms)

========================================================================
Received Prepare
Registering precompiled user dll's ...
Registered in 0.001432 seconds.
Begin MonoManager ReloadAssembly
Native extension for WindowsStandalone target not found
Native extension for WebGL target not found
Refreshing native plugins compatible for Editor in 0.64 ms, found 1 plugins.
Preloading 0 native plugins for Editor in 0.00 ms.
Invoked RoslynAnalysisRunner static constructor.
RoslynAnalysisRunner will not be running.
RoslynAnalysisRunner has terminated.
Mono: successfully reloaded assembly
- Completed reload, in  1.023 seconds
Platform modules already initialized, skipping
Shader 'Universal Render Pipeline/Particles/Lit': fallback shader 'Universal Render Pipeline/Particles/SimpleLit' not found
Refreshing native plugins compatible for Editor in 0.62 ms, found 1 plugins.
Preloading 0 native plugins for Editor in 0.00 ms.
Unloading 3549 Unused Serialized files (Serialized files now loaded: 0)
System memory in use before: 174.7 MB.
System memory in use after: 174.9 MB.

Unloading 12 unused Assets to reduce memory usage. Loaded Objects now: 4233.
Total: 4.232700 ms (FindLiveObjects: 0.398600 ms CreateObjectMapping: 0.298700 ms MarkObjects: 3.514700 ms  DeleteObjects: 0.019500 ms)

AssetImportWorkerClient::OnTransportError - code=2 error=End of file
